[I 2026-05-05 15:54:34.689 ServerApp] jupyter_lsp | extension was successfully linked.
[I 2026-05-05 15:54:34.694 ServerApp] jupyter_server_terminals | extension was successfully linked.
[I 2026-05-05 15:54:34.701 ServerApp] jupyterlab | extension was successfully linked.
[I 2026-05-05 15:54:35.265 ServerApp] notebook_shim | extension was successfully linked.
[I 2026-05-05 15:54:35.413 ServerApp] notebook_shim | extension was successfully loaded.
[I 2026-05-05 15:54:35.416 ServerApp] jupyter_lsp | extension was successfully loaded.
[I 2026-05-05 15:54:35.418 ServerApp] jupyter_server_terminals | extension was successfully loaded.
[I 2026-05-05 15:54:35.456 LabApp] JupyterLab extension loaded from /home/jchen9/.local/lib/python3.9/site-packages/jupyterlab
[I 2026-05-05 15:54:35.456 LabApp] JupyterLab application directory is /resnick/home/jchen9/.local/share/jupyter/lab
[I 2026-05-05 15:54:35.457 LabApp] Extension Manager is 'pypi'.
[I 2026-05-05 15:54:35.602 ServerApp] jupyterlab | extension was successfully loaded.
[I 2026-05-05 15:54:35.603 ServerApp] Serving notebooks from local directory: /resnick/home/jchen9/qc_exciton_LCC
[I 2026-05-05 15:54:35.603 ServerApp] Jupyter Server 2.17.0 is running at:
[I 2026-05-05 15:54:35.603 ServerApp] http://hpc-35-36.cm.cluster:8888/lab
[I 2026-05-05 15:54:35.603 ServerApp]     http://127.0.0.1:8888/lab
[I 2026-05-05 15:54:35.603 ServerApp] Use Control-C to stop this server and shut down all kernels (twice to skip confirmation).
[I 2026-05-05 15:54:36.684 ServerApp] Skipped non-installed server(s): bash-language-server, dockerfile-language-server-nodejs, javascript-typescript-langserver, jedi-language-server, julia-language-server, pyright, python-language-server, r-languageserver, sql-language-server, texlab, typescript-language-server, unified-language-server, vscode-css-languageserver-bin, vscode-html-languageserver-bin, vscode-json-languageserver-bin, yaml-language-server
[W 2026-05-05 15:55:29.931 LabApp] Could not determine jupyterlab build status without nodejs
[W 2026-05-05 15:55:30.798 ServerApp] 404 GET /api/contents/df_eri.ipynb?content=0&hash=0&1778021730634 (ce47a86e1e7343538f81e13aa855c17d@172.20.148.45) 1.94ms referer=http://127.0.0.1:8891/lab
[W 2026-05-05 15:55:30.798 ServerApp] 404 GET /api/contents/df_eri.ipynb?content=0&hash=0&1778021730634 (172.20.148.45): No such file or directory: df_eri.ipynb
[W 2026-05-05 15:55:30.800 ServerApp] 404 GET /api/contents/df_eri.ipynb?content=0&hash=0&1778021730634 (ce47a86e1e7343538f81e13aa855c17d@172.20.148.45) 1.55ms referer=http://127.0.0.1:8891/lab
[W 2026-05-05 15:55:30.800 ServerApp] 404 GET /api/contents/df_eri.ipynb?content=0&hash=0&1778021730634 (172.20.148.45): No such file or directory: df_eri.ipynb
[W 2026-05-05 15:56:05.188 ServerApp] 404 GET /hub/api (@172.20.148.45) 51.52ms referer=None
[I 2026-05-05 15:56:05.198 ServerApp] 302 GET / (@172.20.148.45) 0.63ms
[I 2026-05-05 15:56:05.206 LabApp] 302 GET /lab? (@172.20.148.45) 0.69ms
[I 2026-05-05 15:56:09.590 ServerApp] User 1c6990d6785648b2bbcaac9fa0868362 logged in.
[I 2026-05-05 15:56:09.591 ServerApp] 302 POST /login? (1c6990d6785648b2bbcaac9fa0868362@172.20.148.45) 115.13ms
[I 2026-05-05 15:56:24.303 ServerApp] Kernel started: d32dc7bf-4c08-47c8-8b22-f1de3d5ed622
[I 2026-05-05 15:56:26.230 ServerApp] Connecting to kernel d32dc7bf-4c08-47c8-8b22-f1de3d5ed622.
[W 2026-05-05 15:56:26.233 ServerApp] The websocket_ping_timeout (90000) cannot be longer than the websocket_ping_interval (30000).
    Setting websocket_ping_timeout=30000
[I 2026-05-05 16:41:12.719 ServerApp] Kernel restarted: d32dc7bf-4c08-47c8-8b22-f1de3d5ed622
[I 2026-05-05 16:41:12.726 ServerApp] Starting buffering for d32dc7bf-4c08-47c8-8b22-f1de3d5ed622:5d4713ea-57c5-4d44-a23c-843000f55ac7
[I 2026-05-05 16:41:12.739 ServerApp] Connecting to kernel d32dc7bf-4c08-47c8-8b22-f1de3d5ed622.
[I 2026-05-05 16:41:12.739 ServerApp] Restoring connection for d32dc7bf-4c08-47c8-8b22-f1de3d5ed622:5d4713ea-57c5-4d44-a23c-843000f55ac7
ERROR:tornado.general:Uncaught exception in ZMQStream callback
Traceback (most recent call last):
  File "/home/jchen9/.local/lib/python3.9/site-packages/traitlets/traitlets.py", line 632, in get
    value = obj._trait_values[self.name]
KeyError: '_control_lock'

During handling of the above exception, another exception occurred:

Traceback (most recent call last):
  File "/home/jchen9/.local/lib/python3.9/site-packages/zmq/eventloop/zmqstream.py", line 565, in _log_error
    f.result()
  File "/home/jchen9/.local/lib/python3.9/site-packages/ipykernel/kernelbase.py", line 301, in dispatch_control
    async with self._control_lock:
  File "/home/jchen9/.local/lib/python3.9/site-packages/traitlets/traitlets.py", line 687, in __get__
    return t.cast(G, self.get(obj, cls))  # the G should encode the Optional
  File "/home/jchen9/.local/lib/python3.9/site-packages/traitlets/traitlets.py", line 649, in get
    value = self._validate(obj, default)
  File "/home/jchen9/.local/lib/python3.9/site-packages/traitlets/traitlets.py", line 722, in _validate
    value = self.validate(obj, value)
  File "/home/jchen9/.local/lib/python3.9/site-packages/traitlets/traitlets.py", line 2311, in validate
    self.error(obj, value)
  File "/home/jchen9/.local/lib/python3.9/site-packages/traitlets/traitlets.py", line 831, in error
    raise TraitError(e)
traitlets.traitlets.TraitError: The '_control_lock' trait of an IPythonKernel instance expected a Lock, not the NoneType None.
[W 2026-05-05 16:41:15.116 ServerApp] 404 GET /nbextensions/anywidget/extension.js (@172.20.148.45) 4.66ms referer=None
[W 2026-05-05 16:41:15.118 ServerApp] 404 GET /nbextensions/jupyter-js-widgets/extension.js (@172.20.148.45) 1.11ms referer=None
[W 2026-05-05 16:41:15.118 ServerApp] 404 GET /nbextensions/anywidget/extension.js (@172.20.148.45) 1.49ms referer=None
[W 2026-05-05 16:41:15.119 ServerApp] 404 GET /nbextensions/jupyter-js-widgets/extension.js (@172.20.148.45) 0.71ms referer=None
[I 2026-05-05 16:48:11.755 ServerApp] Kernel restarted: d32dc7bf-4c08-47c8-8b22-f1de3d5ed622
[I 2026-05-05 16:48:11.761 ServerApp] Starting buffering for d32dc7bf-4c08-47c8-8b22-f1de3d5ed622:5d4713ea-57c5-4d44-a23c-843000f55ac7
[I 2026-05-05 16:48:11.770 ServerApp] Connecting to kernel d32dc7bf-4c08-47c8-8b22-f1de3d5ed622.
[I 2026-05-05 16:48:11.771 ServerApp] Restoring connection for d32dc7bf-4c08-47c8-8b22-f1de3d5ed622:5d4713ea-57c5-4d44-a23c-843000f55ac7
ERROR:tornado.general:Uncaught exception in ZMQStream callback
Traceback (most recent call last):
  File "/home/jchen9/.local/lib/python3.9/site-packages/traitlets/traitlets.py", line 632, in get
    value = obj._trait_values[self.name]
KeyError: '_control_lock'

During handling of the above exception, another exception occurred:

Traceback (most recent call last):
  File "/home/jchen9/.local/lib/python3.9/site-packages/zmq/eventloop/zmqstream.py", line 565, in _log_error
    f.result()
  File "/home/jchen9/.local/lib/python3.9/site-packages/ipykernel/kernelbase.py", line 301, in dispatch_control
    async with self._control_lock:
  File "/home/jchen9/.local/lib/python3.9/site-packages/traitlets/traitlets.py", line 687, in __get__
    return t.cast(G, self.get(obj, cls))  # the G should encode the Optional
  File "/home/jchen9/.local/lib/python3.9/site-packages/traitlets/traitlets.py", line 649, in get
    value = self._validate(obj, default)
  File "/home/jchen9/.local/lib/python3.9/site-packages/traitlets/traitlets.py", line 722, in _validate
    value = self.validate(obj, value)
  File "/home/jchen9/.local/lib/python3.9/site-packages/traitlets/traitlets.py", line 2311, in validate
    self.error(obj, value)
  File "/home/jchen9/.local/lib/python3.9/site-packages/traitlets/traitlets.py", line 831, in error
    raise TraitError(e)
traitlets.traitlets.TraitError: The '_control_lock' trait of an IPythonKernel instance expected a Lock, not the NoneType None.
[I 2026-05-05 16:54:03.959 ServerApp] Kernel restarted: d32dc7bf-4c08-47c8-8b22-f1de3d5ed622
[I 2026-05-05 16:54:03.964 ServerApp] Starting buffering for d32dc7bf-4c08-47c8-8b22-f1de3d5ed622:5d4713ea-57c5-4d44-a23c-843000f55ac7
[I 2026-05-05 16:54:03.973 ServerApp] Connecting to kernel d32dc7bf-4c08-47c8-8b22-f1de3d5ed622.
[I 2026-05-05 16:54:03.973 ServerApp] Restoring connection for d32dc7bf-4c08-47c8-8b22-f1de3d5ed622:5d4713ea-57c5-4d44-a23c-843000f55ac7
ERROR:tornado.general:Uncaught exception in ZMQStream callback
Traceback (most recent call last):
  File "/home/jchen9/.local/lib/python3.9/site-packages/traitlets/traitlets.py", line 632, in get
    value = obj._trait_values[self.name]
KeyError: '_control_lock'

During handling of the above exception, another exception occurred:

Traceback (most recent call last):
  File "/home/jchen9/.local/lib/python3.9/site-packages/zmq/eventloop/zmqstream.py", line 565, in _log_error
    f.result()
  File "/home/jchen9/.local/lib/python3.9/site-packages/ipykernel/kernelbase.py", line 301, in dispatch_control
    async with self._control_lock:
  File "/home/jchen9/.local/lib/python3.9/site-packages/traitlets/traitlets.py", line 687, in __get__
    return t.cast(G, self.get(obj, cls))  # the G should encode the Optional
  File "/home/jchen9/.local/lib/python3.9/site-packages/traitlets/traitlets.py", line 649, in get
    value = self._validate(obj, default)
  File "/home/jchen9/.local/lib/python3.9/site-packages/traitlets/traitlets.py", line 722, in _validate
    value = self.validate(obj, value)
  File "/home/jchen9/.local/lib/python3.9/site-packages/traitlets/traitlets.py", line 2311, in validate
    self.error(obj, value)
  File "/home/jchen9/.local/lib/python3.9/site-packages/traitlets/traitlets.py", line 831, in error
    raise TraitError(e)
traitlets.traitlets.TraitError: The '_control_lock' trait of an IPythonKernel instance expected a Lock, not the NoneType None.
[I 2026-05-05 17:01:12.098 ServerApp] Kernel restarted: d32dc7bf-4c08-47c8-8b22-f1de3d5ed622
[I 2026-05-05 17:01:12.105 ServerApp] Starting buffering for d32dc7bf-4c08-47c8-8b22-f1de3d5ed622:5d4713ea-57c5-4d44-a23c-843000f55ac7
[I 2026-05-05 17:01:12.117 ServerApp] Connecting to kernel d32dc7bf-4c08-47c8-8b22-f1de3d5ed622.
[I 2026-05-05 17:01:12.117 ServerApp] Restoring connection for d32dc7bf-4c08-47c8-8b22-f1de3d5ed622:5d4713ea-57c5-4d44-a23c-843000f55ac7
ERROR:tornado.general:Uncaught exception in ZMQStream callback
Traceback (most recent call last):
  File "/home/jchen9/.local/lib/python3.9/site-packages/traitlets/traitlets.py", line 632, in get
    value = obj._trait_values[self.name]
KeyError: '_control_lock'

During handling of the above exception, another exception occurred:

Traceback (most recent call last):
  File "/home/jchen9/.local/lib/python3.9/site-packages/zmq/eventloop/zmqstream.py", line 565, in _log_error
    f.result()
  File "/home/jchen9/.local/lib/python3.9/site-packages/ipykernel/kernelbase.py", line 301, in dispatch_control
    async with self._control_lock:
  File "/home/jchen9/.local/lib/python3.9/site-packages/traitlets/traitlets.py", line 687, in __get__
    return t.cast(G, self.get(obj, cls))  # the G should encode the Optional
  File "/home/jchen9/.local/lib/python3.9/site-packages/traitlets/traitlets.py", line 649, in get
    value = self._validate(obj, default)
  File "/home/jchen9/.local/lib/python3.9/site-packages/traitlets/traitlets.py", line 722, in _validate
    value = self.validate(obj, value)
  File "/home/jchen9/.local/lib/python3.9/site-packages/traitlets/traitlets.py", line 2311, in validate
    self.error(obj, value)
  File "/home/jchen9/.local/lib/python3.9/site-packages/traitlets/traitlets.py", line 831, in error
    raise TraitError(e)
traitlets.traitlets.TraitError: The '_control_lock' trait of an IPythonKernel instance expected a Lock, not the NoneType None.
[I 2026-05-05 17:01:42.514 ServerApp] Kernel restarted: d32dc7bf-4c08-47c8-8b22-f1de3d5ed622
[I 2026-05-05 17:01:42.534 ServerApp] Starting buffering for d32dc7bf-4c08-47c8-8b22-f1de3d5ed622:5d4713ea-57c5-4d44-a23c-843000f55ac7
[I 2026-05-05 17:01:42.543 ServerApp] Connecting to kernel d32dc7bf-4c08-47c8-8b22-f1de3d5ed622.
[I 2026-05-05 17:01:42.543 ServerApp] Restoring connection for d32dc7bf-4c08-47c8-8b22-f1de3d5ed622:5d4713ea-57c5-4d44-a23c-843000f55ac7
ERROR:tornado.general:Uncaught exception in ZMQStream callback
Traceback (most recent call last):
  File "/home/jchen9/.local/lib/python3.9/site-packages/traitlets/traitlets.py", line 632, in get
    value = obj._trait_values[self.name]
KeyError: '_control_lock'

During handling of the above exception, another exception occurred:

Traceback (most recent call last):
  File "/home/jchen9/.local/lib/python3.9/site-packages/zmq/eventloop/zmqstream.py", line 565, in _log_error
    f.result()
  File "/home/jchen9/.local/lib/python3.9/site-packages/ipykernel/kernelbase.py", line 301, in dispatch_control
    async with self._control_lock:
  File "/home/jchen9/.local/lib/python3.9/site-packages/traitlets/traitlets.py", line 687, in __get__
    return t.cast(G, self.get(obj, cls))  # the G should encode the Optional
  File "/home/jchen9/.local/lib/python3.9/site-packages/traitlets/traitlets.py", line 649, in get
    value = self._validate(obj, default)
  File "/home/jchen9/.local/lib/python3.9/site-packages/traitlets/traitlets.py", line 722, in _validate
    value = self.validate(obj, value)
  File "/home/jchen9/.local/lib/python3.9/site-packages/traitlets/traitlets.py", line 2311, in validate
    self.error(obj, value)
  File "/home/jchen9/.local/lib/python3.9/site-packages/traitlets/traitlets.py", line 831, in error
    raise TraitError(e)
traitlets.traitlets.TraitError: The '_control_lock' trait of an IPythonKernel instance expected a Lock, not the NoneType None.
[I 2026-05-05 17:48:59.971 ServerApp] Kernel restarted: d32dc7bf-4c08-47c8-8b22-f1de3d5ed622
[I 2026-05-05 17:48:59.977 ServerApp] Starting buffering for d32dc7bf-4c08-47c8-8b22-f1de3d5ed622:5d4713ea-57c5-4d44-a23c-843000f55ac7
[I 2026-05-05 17:48:59.988 ServerApp] Connecting to kernel d32dc7bf-4c08-47c8-8b22-f1de3d5ed622.
[I 2026-05-05 17:48:59.988 ServerApp] Restoring connection for d32dc7bf-4c08-47c8-8b22-f1de3d5ed622:5d4713ea-57c5-4d44-a23c-843000f55ac7
ERROR:tornado.general:Uncaught exception in ZMQStream callback
Traceback (most recent call last):
  File "/home/jchen9/.local/lib/python3.9/site-packages/traitlets/traitlets.py", line 632, in get
    value = obj._trait_values[self.name]
KeyError: '_control_lock'

During handling of the above exception, another exception occurred:

Traceback (most recent call last):
  File "/home/jchen9/.local/lib/python3.9/site-packages/zmq/eventloop/zmqstream.py", line 565, in _log_error
    f.result()
  File "/home/jchen9/.local/lib/python3.9/site-packages/ipykernel/kernelbase.py", line 301, in dispatch_control
    async with self._control_lock:
  File "/home/jchen9/.local/lib/python3.9/site-packages/traitlets/traitlets.py", line 687, in __get__
    return t.cast(G, self.get(obj, cls))  # the G should encode the Optional
  File "/home/jchen9/.local/lib/python3.9/site-packages/traitlets/traitlets.py", line 649, in get
    value = self._validate(obj, default)
  File "/home/jchen9/.local/lib/python3.9/site-packages/traitlets/traitlets.py", line 722, in _validate
    value = self.validate(obj, value)
  File "/home/jchen9/.local/lib/python3.9/site-packages/traitlets/traitlets.py", line 2311, in validate
    self.error(obj, value)
  File "/home/jchen9/.local/lib/python3.9/site-packages/traitlets/traitlets.py", line 831, in error
    raise TraitError(e)
traitlets.traitlets.TraitError: The '_control_lock' trait of an IPythonKernel instance expected a Lock, not the NoneType None.
ERROR:tornado.general:Uncaught exception in ZMQStream callback
Traceback (most recent call last):
  File "/home/jchen9/.local/lib/python3.9/site-packages/traitlets/traitlets.py", line 632, in get
    value = obj._trait_values[self.name]
KeyError: '_control_lock'

During handling of the above exception, another exception occurred:

Traceback (most recent call last):
  File "/home/jchen9/.local/lib/python3.9/site-packages/zmq/eventloop/zmqstream.py", line 565, in _log_error
    f.result()
  File "/home/jchen9/.local/lib/python3.9/site-packages/ipykernel/kernelbase.py", line 301, in dispatch_control
    async with self._control_lock:
  File "/home/jchen9/.local/lib/python3.9/site-packages/traitlets/traitlets.py", line 687, in __get__
    return t.cast(G, self.get(obj, cls))  # the G should encode the Optional
  File "/home/jchen9/.local/lib/python3.9/site-packages/traitlets/traitlets.py", line 649, in get
    value = self._validate(obj, default)
  File "/home/jchen9/.local/lib/python3.9/site-packages/traitlets/traitlets.py", line 722, in _validate
    value = self.validate(obj, value)
  File "/home/jchen9/.local/lib/python3.9/site-packages/traitlets/traitlets.py", line 2311, in validate
    self.error(obj, value)
  File "/home/jchen9/.local/lib/python3.9/site-packages/traitlets/traitlets.py", line 831, in error
    raise TraitError(e)
traitlets.traitlets.TraitError: The '_control_lock' trait of an IPythonKernel instance expected a Lock, not the NoneType None.
ERROR:tornado.general:Uncaught exception in ZMQStream callback
Traceback (most recent call last):
  File "/home/jchen9/.local/lib/python3.9/site-packages/traitlets/traitlets.py", line 632, in get
    value = obj._trait_values[self.name]
KeyError: '_control_lock'

During handling of the above exception, another exception occurred:

Traceback (most recent call last):
  File "/home/jchen9/.local/lib/python3.9/site-packages/zmq/eventloop/zmqstream.py", line 565, in _log_error
    f.result()
  File "/home/jchen9/.local/lib/python3.9/site-packages/ipykernel/kernelbase.py", line 301, in dispatch_control
    async with self._control_lock:
  File "/home/jchen9/.local/lib/python3.9/site-packages/traitlets/traitlets.py", line 687, in __get__
    return t.cast(G, self.get(obj, cls))  # the G should encode the Optional
  File "/home/jchen9/.local/lib/python3.9/site-packages/traitlets/traitlets.py", line 649, in get
    value = self._validate(obj, default)
  File "/home/jchen9/.local/lib/python3.9/site-packages/traitlets/traitlets.py", line 722, in _validate
    value = self.validate(obj, value)
  File "/home/jchen9/.local/lib/python3.9/site-packages/traitlets/traitlets.py", line 2311, in validate
    self.error(obj, value)
  File "/home/jchen9/.local/lib/python3.9/site-packages/traitlets/traitlets.py", line 831, in error
    raise TraitError(e)
traitlets.traitlets.TraitError: The '_control_lock' trait of an IPythonKernel instance expected a Lock, not the NoneType None.
[W 2026-05-05 17:51:00.004 ServerApp] 404 GET /hub/api (@172.20.148.45) 12.45ms referer=None
[I 2026-05-05 17:51:00.010 ServerApp] 302 GET / (@172.20.148.45) 0.35ms
[I 2026-05-05 17:51:00.016 LabApp] 302 GET /lab? (@172.20.148.45) 0.51ms
[I 2026-05-05 17:51:03.699 ServerApp] User 541c12cdf8ad47e096e9ac07739c3169 logged in.
[I 2026-05-05 17:51:03.700 ServerApp] 302 POST /login? (541c12cdf8ad47e096e9ac07739c3169@172.20.148.45) 89.07ms
[I 2026-05-05 17:51:09.683 ServerApp] Starting buffering for d32dc7bf-4c08-47c8-8b22-f1de3d5ed622:5d4713ea-57c5-4d44-a23c-843000f55ac7
[I 2026-05-05 17:51:11.908 ServerApp] Kernel started: fc1d2906-a34e-4b47-8ecc-87eccade0e49
[I 2026-05-05 17:51:17.154 ServerApp] Connecting to kernel fc1d2906-a34e-4b47-8ecc-87eccade0e49.
[I 2026-05-05 18:16:03.187 ServerApp] Starting buffering for fc1d2906-a34e-4b47-8ecc-87eccade0e49:19c34c05-5299-4baa-bec9-e0f7f307bd2b
[I 2026-05-05 18:16:06.881 ServerApp] Connecting to kernel fc1d2906-a34e-4b47-8ecc-87eccade0e49.
[I 2026-05-05 18:16:07.895 ServerApp] Starting buffering for fc1d2906-a34e-4b47-8ecc-87eccade0e49:f0a030d2-6ec7-4a90-b038-4118189532de
[I 2026-05-05 18:16:10.978 ServerApp] Connecting to kernel fc1d2906-a34e-4b47-8ecc-87eccade0e49.
[W 2026-05-05 18:16:11.718 ServerApp] 404 GET /nbextensions/anywidget/extension.js (@172.20.148.45) 4.71ms referer=None
[W 2026-05-05 18:16:11.719 ServerApp] 404 GET /nbextensions/jupyter-js-widgets/extension.js (@172.20.148.45) 0.85ms referer=None
[W 2026-05-05 18:16:11.777 ServerApp] 404 GET /nbextensions/anywidget/extension.js (@172.20.148.45) 1.09ms referer=None
[W 2026-05-05 18:16:11.779 ServerApp] 404 GET /nbextensions/jupyter-js-widgets/extension.js (@172.20.148.45) 0.74ms referer=None
[I 2026-05-05 18:16:18.793 ServerApp] Starting buffering for fc1d2906-a34e-4b47-8ecc-87eccade0e49:c616485a-27b3-4fa6-9722-0c0251d036a7
[I 2026-05-05 18:16:52.897 ServerApp] Connecting to kernel fc1d2906-a34e-4b47-8ecc-87eccade0e49.
[W 2026-05-05 18:16:53.598 ServerApp] 404 GET /nbextensions/anywidget/extension.js (@172.20.148.45) 2.35ms referer=None
[W 2026-05-05 18:16:53.600 ServerApp] 404 GET /nbextensions/jupyter-js-widgets/extension.js (@172.20.148.45) 1.07ms referer=None
[W 2026-05-05 18:16:53.601 ServerApp] 404 GET /nbextensions/anywidget/extension.js (@172.20.148.45) 0.78ms referer=None
[W 2026-05-05 18:16:53.602 ServerApp] 404 GET /nbextensions/jupyter-js-widgets/extension.js (@172.20.148.45) 0.74ms referer=None
[I 2026-05-05 18:16:58.280 ServerApp] Starting buffering for fc1d2906-a34e-4b47-8ecc-87eccade0e49:c9323be9-ccd7-4723-8559-5314d8ae2d55
[I 2026-05-05 18:16:59.528 ServerApp] Kernel started: 31835616-556b-4f3f-88c1-2a07e5e37115
[I 2026-05-05 18:17:00.885 ServerApp] Connecting to kernel 31835616-556b-4f3f-88c1-2a07e5e37115.
[2026-05-05T19:54:43.033] error: *** JOB 63497765 ON hpc-35-36 CANCELLED AT 2026-05-05T19:54:43 DUE TO TIME LIMIT ***
